<?xml version="1.0" encoding="UTF-8"?>
<!-- Generated by org.testng.reporters.JUnitReportReporter -->
<testsuite hostname="sudheer292s-MBP.fios-router.home" name="com.IhsMarkit.cucumber.CucumberFeatureSuiteTest" tests="1" failures="0" timestamp="31 Oct 2020 23:05:48 GMT" time="6.236" errors="0">
  <testcase name="runScenario" time="6.236" classname="com.IhsMarkit.cucumber.CucumberFeatureSuiteTest"/>
</testsuite> <!-- com.IhsMarkit.cucumber.CucumberFeatureSuiteTest -->
